# JRE version: OpenJDK Runtime Environment (8.0_152-b01) (build 1.8.0_152-release-1343-b01)
# Java VM: OpenJDK 64-Bit Server VM (25.152-b01 mixed mode bsd-amd64 compressed oops)
Heap:
 PSYoungGen      total 445952K, used 97016K [0x00000007a0000000, 0x00000007be880000, 0x00000007c0000000)
  eden space 425984K, 18% used [0x00000007a0000000,0x00000007a4bb2a88,0x00000007ba000000)
  from space 19968K, 97% used [0x00000007bd500000,0x00000007be80b618,0x00000007be880000)
  to   space 29184K, 0% used [0x00000007baf80000,0x00000007baf80000,0x00000007bcc00000)
 ParOldGen       total 185344K, used 81125K [0x0000000760000000, 0x000000076b500000, 0x00000007a0000000)
  object space 185344K, 43% used [0x0000000760000000,0x0000000764f397d0,0x000000076b500000)
 Metaspace       used 109850K, capacity 122664K, committed 122880K, reserved 1157120K
  class space    used 13822K, capacity 15249K, committed 15360K, reserved 1048576K
GC Heap History (10 events):
Event: 25406.439 GC heap before
{Heap before GC invocations=72 (full 4):
 PSYoungGen      total 483328K, used 466656K [0x00000007a0000000, 0x00000007bf280000, 0x00000007c0000000)
  eden space 456192K, 100% used [0x00000007a0000000,0x00000007bbd80000,0x00000007bbd80000)
  from space 27136K, 38% used [0x00000007bbd80000,0x00000007bc7b8010,0x00000007bd800000)
  to   space 26112K, 0% used [0x00000007bd900000,0x00000007bd900000,0x00000007bf280000)
 ParOldGen       total 185344K, used 80725K [0x0000000760000000, 0x000000076b500000, 0x00000007a0000000)
  object space 185344K, 43% used [0x0000000760000000,0x0000000764ed57d0,0x000000076b500000)
 Metaspace       used 107103K, capacity 118946K, committed 119168K, reserved 1153024K
  class space    used 13418K, capacity 14701K, committed 14720K, reserved 1048576K
Event: 25406.456 GC heap after
Heap after GC invocations=72 (full 4):
 PSYoungGen      total 483840K, used 5120K [0x00000007a0000000, 0x00000007bf380000, 0x00000007c0000000)
  eden space 457728K, 0% used [0x00000007a0000000,0x00000007a0000000,0x00000007bbf00000)
  from space 26112K, 19% used [0x00000007bd900000,0x00000007bde00010,0x00000007bf280000)
  to   space 26624K, 0% used [0x00000007bbf00000,0x00000007bbf00000,0x00000007bd900000)
 ParOldGen       total 185344K, used 80813K [0x0000000760000000, 0x000000076b500000, 0x00000007a0000000)
  object space 185344K, 43% used [0x0000000760000000,0x0000000764eeb7d0,0x000000076b500000)
 Metaspace       used 107103K, capacity 118946K, committed 119168K, reserved 1153024K
  class space    used 13418K, capacity 14701K, committed 14720K, reserved 1048576K
}
Event: 25419.782 GC heap before
{Heap before GC invocations=73 (full 4):
 PSYoungGen      total 483840K, used 462848K [0x00000007a0000000, 0x00000007bf380000, 0x00000007c0000000)
  eden space 457728K, 100% used [0x00000007a0000000,0x00000007bbf00000,0x00000007bbf00000)
  from space 26112K, 19% used [0x00000007bd900000,0x00000007bde00010,0x00000007bf280000)
  to   space 26624K, 0% used [0x00000007bbf00000,0x00000007bbf00000,0x00000007bd900000)
 ParOldGen       total 185344K, used 80813K [0x0000000760000000, 0x000000076b500000, 0x00000007a0000000)
  object space 185344K, 43% used [0x0000000760000000,0x0000000764eeb7d0,0x000000076b500000)
 Metaspace       used 107205K, capacity 119126K, committed 119168K, reserved 1153024K
  class space    used 13434K, capacity 14717K, committed 14720K, reserved 1048576K
Event: 25419.831 GC heap after
Heap after GC invocations=73 (full 4):
 PSYoungGen      total 484352K, used 21600K [0x00000007a0000000, 0x00000007bfd00000, 0x00000007c0000000)
  eden space 457728K, 0% used [0x00000007a0000000,0x00000007a0000000,0x00000007bbf00000)
  from space 26624K, 81% used [0x00000007bbf00000,0x00000007bd418030,0x00000007bd900000)
  to   space 28672K, 0% used [0x00000007be100000,0x00000007be100000,0x00000007bfd00000)
 ParOldGen       total 185344K, used 80901K [0x0000000760000000, 0x000000076b500000, 0x00000007a0000000)
  object space 185344K, 43% used [0x0000000760000000,0x0000000764f017d0,0x000000076b500000)
 Metaspace       used 107205K, capacity 119126K, committed 119168K, reserved 1153024K
  class space    used 13434K, capacity 14717K, committed 14720K, reserved 1048576K
}
Event: 25456.708 GC heap before
{Heap before GC invocations=74 (full 4):
 PSYoungGen      total 484352K, used 479328K [0x00000007a0000000, 0x00000007bfd00000, 0x00000007c0000000)
  eden space 457728K, 100% used [0x00000007a0000000,0x00000007bbf00000,0x00000007bbf00000)
  from space 26624K, 81% used [0x00000007bbf00000,0x00000007bd418030,0x00000007bd900000)
  to   space 28672K, 0% used [0x00000007be100000,0x00000007be100000,0x00000007bfd00000)
 ParOldGen       total 185344K, used 80901K [0x0000000760000000, 0x000000076b500000, 0x00000007a0000000)
  object space 185344K, 43% used [0x0000000760000000,0x0000000764f017d0,0x000000076b500000)
 Metaspace       used 107385K, capacity 119486K, committed 119808K, reserved 1155072K
  class space    used 13450K, capacity 14733K, committed 14848K, reserved 1048576K
Event: 25456.720 GC heap after
Heap after GC invocations=74 (full 4):
 PSYoungGen      total 489472K, used 6864K [0x00000007a0000000, 0x00000007bfb00000, 0x00000007c0000000)
  eden space 462848K, 0% used [0x00000007a0000000,0x00000007a0000000,0x00000007bc400000)
  from space 26624K, 25% used [0x00000007be100000,0x00000007be7b4020,0x00000007bfb00000)
  to   space 28160K, 0% used [0x00000007bc400000,0x00000007bc400000,0x00000007bdf80000)
 ParOldGen       total 185344K, used 80981K [0x0000000760000000, 0x000000076b500000, 0x00000007a0000000)
  object space 185344K, 43% used [0x0000000760000000,0x0000000764f157d0,0x000000076b500000)
 Metaspace       used 107385K, capacity 119486K, committed 119808K, reserved 1155072K
  class space    used 13450K, capacity 14733K, committed 14848K, reserved 1048576K
}
Event: 34051.936 GC heap before
{Heap before GC invocations=75 (full 4):
 PSYoungGen      total 489472K, used 469712K [0x00000007a0000000, 0x00000007bfb00000, 0x00000007c0000000)
  eden space 462848K, 100% used [0x00000007a0000000,0x00000007bc400000,0x00000007bc400000)
  from space 26624K, 25% used [0x00000007be100000,0x00000007be7b4020,0x00000007bfb00000)
  to   space 28160K, 0% used [0x00000007bc400000,0x00000007bc400000,0x00000007bdf80000)
 ParOldGen       total 185344K, used 80981K [0x0000000760000000, 0x000000076b500000, 0x00000007a0000000)
  object space 185344K, 43% used [0x0000000760000000,0x0000000764f157d0,0x000000076b500000)
 Metaspace       used 108046K, capacity 120506K, committed 120704K, reserved 1155072K
  class space    used 13578K, capacity 14924K, committed 14976K, reserved 1048576K
Event: 34052.118 GC heap after
Heap after GC invocations=75 (full 4):
 PSYoungGen      total 461312K, used 17360K [0x00000007a0000000, 0x00000007be880000, 0x00000007c0000000)
  eden space 443904K, 0% used [0x00000007a0000000,0x00000007a0000000,0x00000007bb180000)
  from space 17408K, 99% used [0x00000007bc400000,0x00000007bd4f4060,0x00000007bd500000)
  to   space 19968K, 0% used [0x00000007bd500000,0x00000007bd500000,0x00000007be880000)
 ParOldGen       total 185344K, used 81069K [0x0000000760000000, 0x000000076b500000, 0x00000007a0000000)
  object space 185344K, 43% used [0x0000000760000000,0x0000000764f2b7d0,0x000000076b500000)
 Metaspace       used 108046K, capacity 120506K, committed 120704K, reserved 1155072K
  class space    used 13578K, capacity 14924K, committed 14976K, reserved 1048576K
}
Event: 34355.932 GC heap before
{Heap before GC invocations=76 (full 4):
 PSYoungGen      total 461312K, used 461264K [0x00000007a0000000, 0x00000007be880000, 0x00000007c0000000)
  eden space 443904K, 100% used [0x00000007a0000000,0x00000007bb180000,0x00000007bb180000)
  from space 17408K, 99% used [0x00000007bc400000,0x00000007bd4f4060,0x00000007bd500000)
  to   space 19968K, 0% used [0x00000007bd500000,0x00000007bd500000,0x00000007be880000)
 ParOldGen       total 185344K, used 81069K [0x0000000760000000, 0x000000076b500000, 0x00000007a0000000)
  object space 185344K, 43% used [0x0000000760000000,0x0000000764f2b7d0,0x000000076b500000)
 Metaspace       used 109830K, capacity 122600K, committed 122880K, reserved 1157120K
  class space    used 13821K, capacity 15249K, committed 15360K, reserved 1048576K
Event: 34356.000 GC heap after
Heap after GC invocations=76 (full 4):
 PSYoungGen      total 445952K, used 19501K [0x00000007a0000000, 0x00000007be880000, 0x00000007c0000000)
  eden space 425984K, 0% used [0x00000007a0000000,0x00000007a0000000,0x00000007ba000000)
  from space 19968K, 97% used [0x00000007bd500000,0x00000007be80b618,0x00000007be880000)
  to   space 29184K, 0% used [0x00000007baf80000,0x00000007baf80000,0x00000007bcc00000)
 ParOldGen       total 185344K, used 81125K [0x0000000760000000, 0x000000076b500000, 0x00000007a0000000)
  object space 185344K, 43% used [0x0000000760000000,0x0000000764f397d0,0x000000076b500000)
 Metaspace       used 109830K, capacity 122600K, committed 122880K, reserved 1157120K
  class space    used 13821K, capacity 15249K, committed 15360K, reserved 1048576K
}

